[20:13:59] [ServerMain/INFO]: Environment: Environment[sessionHost=https://sessionserver.mojang.com, servicesHost=https://api.minecraftservices.com, name=PROD]
[20:14:01] [ServerMain/INFO]: Loaded 1373 recipes
[20:14:01] [ServerMain/INFO]: Loaded 1484 advancements
[20:14:01] [Server thread/INFO]: Starting minecraft server version 1.21.5
[20:14:01] [Server thread/INFO]: Loading properties
[20:14:01] [Server thread/INFO]: Default game type: SURVIVAL
[20:14:01] [Server thread/INFO]: Generating keypair
[20:14:02] [Server thread/INFO]: Starting Minecraft server on *:25565
[20:14:02] [Server thread/INFO]: Using epoll channel type
[20:14:02] [Server thread/WARN]: **** SERVER IS RUNNING IN OFFLINE/INSECURE MODE!
[20:14:02] [Server thread/WARN]: The server will make no attempt to authenticate usernames. Beware.
[20:14:02] [Server thread/WARN]: While this makes the game possible to play without internet access, it also opens up the ability for hackers to connect with any username they choose.
[20:14:02] [Server thread/WARN]: To change this, set "online-mode" to "true" in the server.properties file.
[20:14:02] [Server thread/INFO]: Preparing level "world"
[20:14:02] [Server thread/INFO]: Preparing start region for dimension minecraft:overworld
[20:14:04] [Worker-Main-1/INFO]: Preparing spawn area: 0%
[20:14:04] [Worker-Main-1/INFO]: Preparing spawn area: 0%
[20:14:04] [Worker-Main-1/INFO]: Preparing spawn area: 0%
[20:14:04] [Worker-Main-1/INFO]: Preparing spawn area: 0%
[20:14:04] [Worker-Main-1/INFO]: Preparing spawn area: 0%
[20:14:05] [Server thread/INFO]: Time elapsed: 2512 ms
[20:14:05] [Server thread/INFO]: Done (2.873s)! For help, type "help"
[20:14:43] [Server thread/INFO]: Made Faze_Pepito a server operator
[20:15:05] [Server thread/INFO]: Server empty for 60 seconds, pausing
[20:15:11] [Server thread/INFO]: Faze_Pepito[/127.146.163.235:35073] logged in with entity id 5 at (1.5, 133.0, -4.5)
[20:15:11] [Server thread/INFO]: Faze_Pepito joined the game
[20:15:45] [Server thread/WARN]: Mismatch in destroy block pos: iw{x=-6, y=143, z=-18} iw{x=-13, y=140, z=-7}
[20:15:48] [Server thread/WARN]: Mismatch in destroy block pos: iw{x=-6, y=143, z=-18} iw{x=-10, y=136, z=-7}
[20:15:48] [Server thread/WARN]: Mismatch in destroy block pos: iw{x=-6, y=143, z=-18} iw{x=-10, y=136, z=-5}
[20:15:48] [Server thread/WARN]: Mismatch in destroy block pos: iw{x=-6, y=143, z=-18} iw{x=-10, y=136, z=-6}
[20:15:51] [Server thread/WARN]: Mismatch in destroy block pos: iw{x=-6, y=143, z=-18} iw{x=-10, y=136, z=-6}
[20:16:27] [Server thread/INFO]: Made Faze_Pepito a server operator
[20:16:33] [Server thread/INFO]: [Faze_Pepito: Set the world spawn point to 1, 131, 25 [0.0]]
[20:17:16] [Server thread/INFO]: Faze_Pepito lost connection: Disconnected
[20:17:16] [Server thread/INFO]: Faze_Pepito left the game
[20:17:23] [Server thread/INFO]: Faze_Pepito[/127.146.163.235:38987] logged in with entity id 1265 at (8.126205067053576, 136.0, 30.688111003887784)
[20:17:23] [Server thread/INFO]: Faze_Pepito joined the game
[20:18:33] [Server thread/INFO]: Faze_Pepito lost connection: Disconnected
[20:18:33] [Server thread/INFO]: Faze_Pepito left the game
[20:19:01] [Server thread/INFO]: Faze_Pepito[/127.146.163.235:58917] logged in with entity id 1739 at (9.070667769804741, 136.0, 30.859855149490347)
[20:19:01] [Server thread/INFO]: Faze_Pepito joined the game
